<?xml version="1.0" encoding="UTF-8"?>
<!-- Generated by org.testng.reporters.JUnitReportReporter -->
<testsuite hostname="DESKTOP-E04GLGP" failures="0" tests="1" name="org.prop.PropertyFile1" time="14.331" errors="0" timestamp="2023-01-03T08:27:14 IST" skipped="0">
  <testcase classname="org.prop.PropertyFile1" name="login" time="14.331"/>
  <system-out/>
</testsuite> <!-- org.prop.PropertyFile1 -->
